[debug] [2022-04-22T07:21:34.456Z] ----------------------------------------------------------------------
[debug] [2022-04-22T07:21:34.460Z] Command:       C:\Program Files\nodejs\node.exe C:\Users\felip\AppData\Roaming\npm\node_modules\firebase-tools\lib\bin\firebase.js init
[debug] [2022-04-22T07:21:34.460Z] CLI Version:   10.7.1
[debug] [2022-04-22T07:21:34.461Z] Platform:      win32
[debug] [2022-04-22T07:21:34.461Z] Node Version:  v14.16.1
[debug] [2022-04-22T07:21:34.462Z] Time:          Fri Apr 22 2022 04:21:34 GMT-0300 (Horário Padrão de Brasília)
[debug] [2022-04-22T07:21:34.463Z] ----------------------------------------------------------------------
[debug] 
[debug] [2022-04-22T07:21:34.474Z] > command requires scopes: ["email","openid","https://www.googleapis.com/auth/cloudplatformprojects.readonly","https://www.googleapis.com/auth/firebase","https://www.googleapis.com/auth/cloud-platform"]
[debug] [2022-04-22T07:21:34.474Z] > authorizing via signed-in user (felipe.123.bastos@gmail.com)
[info] 
     ######## #### ########  ######## ########     ###     ######  ########
     ##        ##  ##     ## ##       ##     ##  ##   ##  ##       ##
     ######    ##  ########  ######   ########  #########  ######  ######
     ##        ##  ##    ##  ##       ##     ## ##     ##       ## ##
     ##       #### ##     ## ######## ########  ##     ##  ######  ########

You're about to initialize a Firebase project in this directory:

  C:\Users\felip\Documents\Git\have-you-watered-your-plants

[info] 
=== Project Setup
[info] 
[info] First, let's associate this project directory with a Firebase project.
[info] You can create multiple project aliases by running firebase use --add, 
[info] but for now we'll just set up a default project.
[info] 
[debug] [2022-04-22T07:22:28.286Z] >>> [apiv2][query] GET https://firebase.googleapis.com/v1beta1/projects pageSize=100
[debug] [2022-04-22T07:22:29.574Z] <<< [apiv2][status] GET https://firebase.googleapis.com/v1beta1/projects 200
[debug] [2022-04-22T07:22:29.574Z] <<< [apiv2][body] GET https://firebase.googleapis.com/v1beta1/projects [omitted]
[info] i  Using project test-bd2c8 (test) 
[info] 
=== Database Setup
[info] i  database: ensuring required API firebasedatabase.googleapis.com is enabled... 
[debug] [2022-04-22T07:22:30.301Z] >>> [apiv2][query] GET https://serviceusage.googleapis.com/v1/projects/test-bd2c8/services/firebasedatabase.googleapis.com [none]
[debug] [2022-04-22T07:22:31.358Z] <<< [apiv2][status] GET https://serviceusage.googleapis.com/v1/projects/test-bd2c8/services/firebasedatabase.googleapis.com 200
[debug] [2022-04-22T07:22:31.358Z] <<< [apiv2][body] GET https://serviceusage.googleapis.com/v1/projects/test-bd2c8/services/firebasedatabase.googleapis.com [omitted]
[info] +  database: required API firebasedatabase.googleapis.com is enabled 
[info] 
[debug] [2022-04-22T07:22:31.367Z] > refreshing access token with scopes: ["email","https://www.googleapis.com/auth/cloud-platform","https://www.googleapis.com/auth/cloudplatformprojects.readonly","https://www.googleapis.com/auth/firebase","openid"]
[debug] [2022-04-22T07:22:31.368Z] >>> HTTP REQUEST POST https://www.googleapis.com/oauth2/v3/token  
 <request body omitted>
[debug] [2022-04-22T07:22:31.641Z] <<< HTTP RESPONSE 200 {"expires":"Mon, 01 Jan 1990 00:00:00 GMT","date":"Fri, 22 Apr 2022 07:22:32 GMT","pragma":"no-cache","cache-control":"no-cache, no-store, max-age=0, must-revalidate","content-type":"application/json; charset=utf-8","vary":"X-Origin, Referer, Origin,Accept-Encoding","server":"scaffolding on HTTPServer2","x-xss-protection":"0","x-frame-options":"SAMEORIGIN","x-content-type-options":"nosniff","alt-svc":"h3=\":443\"; ma=2592000,h3-29=\":443\"; ma=2592000,h3-Q050=\":443\"; ma=2592000,h3-Q046=\":443\"; ma=2592000,h3-Q043=\":443\"; ma=2592000,quic=\":443\"; ma=2592000; v=\"46,43\"","accept-ranges":"none","transfer-encoding":"chunked"}
[debug] [2022-04-22T07:22:31.665Z] >>> HTTP REQUEST GET https://firebasedatabase.googleapis.com/v1beta/projects/test-bd2c8/locations/-/instances/test-bd2c8-default-rtdb  
 
[debug] [2022-04-22T07:22:32.859Z] <<< HTTP RESPONSE 200 {"content-type":"application/json; charset=UTF-8","vary":"X-Origin, Referer, Origin,Accept-Encoding","date":"Fri, 22 Apr 2022 07:22:33 GMT","server":"ESF","cache-control":"private","x-xss-protection":"0","x-frame-options":"SAMEORIGIN","x-content-type-options":"nosniff","alt-svc":"h3=\":443\"; ma=2592000,h3-29=\":443\"; ma=2592000,h3-Q050=\":443\"; ma=2592000,h3-Q046=\":443\"; ma=2592000,h3-Q043=\":443\"; ma=2592000,quic=\":443\"; ma=2592000; v=\"46,43\"","accept-ranges":"none","transfer-encoding":"chunked"}
[info] 
[info] Firebase Realtime Database Security Rules allow you to define how your data should be
[info] structured and when your data can be read from and written to.
[info] 
[debug] [2022-04-22T07:22:39.541Z] >>> HTTP REQUEST GET https://test-bd2c8-default-rtdb.firebaseio.com/.settings/rules.json  
 
[debug] [2022-04-22T07:22:41.365Z] <<< HTTP RESPONSE 200 {"server":"nginx","date":"Fri, 22 Apr 2022 07:22:41 GMT","content-type":"application/json; charset=utf-8","content-length":"121","connection":"keep-alive","access-control-allow-origin":"*","cache-control":"no-cache","strict-transport-security":"max-age=31556926; includeSubDomains; preload"}
[info] +  Database Rules for test-bd2c8-default-rtdb have been written to database.rules.json. 
[info] Future modifications to database.rules.json will update Realtime Database Security Rules when you run
[info] firebase deploy.
[info] 
=== Firestore Setup
[debug] [2022-04-22T07:22:41.380Z] > refreshing access token with scopes: []
[debug] [2022-04-22T07:22:41.381Z] >>> HTTP REQUEST POST https://www.googleapis.com/oauth2/v3/token  
 <request body omitted>
[debug] [2022-04-22T07:22:43.701Z] <<< HTTP RESPONSE 200 {"expires":"Mon, 01 Jan 1990 00:00:00 GMT","cache-control":"no-cache, no-store, max-age=0, must-revalidate","date":"Fri, 22 Apr 2022 07:22:42 GMT","pragma":"no-cache","content-type":"application/json; charset=utf-8","vary":"X-Origin, Referer, Origin,Accept-Encoding","server":"scaffolding on HTTPServer2","x-xss-protection":"0","x-frame-options":"SAMEORIGIN","x-content-type-options":"nosniff","alt-svc":"h3=\":443\"; ma=2592000,h3-29=\":443\"; ma=2592000,h3-Q050=\":443\"; ma=2592000,h3-Q046=\":443\"; ma=2592000,h3-Q043=\":443\"; ma=2592000,quic=\":443\"; ma=2592000; v=\"46,43\"","accept-ranges":"none","transfer-encoding":"chunked"}
[debug] [2022-04-22T07:22:43.729Z] >>> [apiv2][query] GET https://serviceusage.googleapis.com/v1/projects/test-bd2c8/services/firestore.googleapis.com [none]
[debug] [2022-04-22T07:22:45.910Z] <<< [apiv2][status] GET https://serviceusage.googleapis.com/v1/projects/test-bd2c8/services/firestore.googleapis.com 200
[debug] [2022-04-22T07:22:45.910Z] <<< [apiv2][body] GET https://serviceusage.googleapis.com/v1/projects/test-bd2c8/services/firestore.googleapis.com [omitted]
[debug] [2022-04-22T07:22:45.911Z] > refreshing access token with scopes: ["email","https://www.googleapis.com/auth/cloud-platform","https://www.googleapis.com/auth/cloudplatformprojects.readonly","https://www.googleapis.com/auth/firebase","openid"]
[debug] [2022-04-22T07:22:45.911Z] >>> HTTP REQUEST POST https://www.googleapis.com/oauth2/v3/token  
 <request body omitted>
[debug] [2022-04-22T07:22:46.199Z] <<< HTTP RESPONSE 200 {"expires":"Mon, 01 Jan 1990 00:00:00 GMT","cache-control":"no-cache, no-store, max-age=0, must-revalidate","pragma":"no-cache","date":"Fri, 22 Apr 2022 07:22:46 GMT","content-type":"application/json; charset=utf-8","vary":"X-Origin, Referer, Origin,Accept-Encoding","server":"scaffolding on HTTPServer2","x-xss-protection":"0","x-frame-options":"SAMEORIGIN","x-content-type-options":"nosniff","alt-svc":"h3=\":443\"; ma=2592000,h3-29=\":443\"; ma=2592000,h3-Q050=\":443\"; ma=2592000,h3-Q046=\":443\"; ma=2592000,h3-Q043=\":443\"; ma=2592000,quic=\":443\"; ma=2592000; v=\"46,43\"","accept-ranges":"none","transfer-encoding":"chunked"}
[debug] [2022-04-22T07:22:46.223Z] >>> HTTP REQUEST GET https://appengine.googleapis.com/v1/apps/test-bd2c8  
 
[debug] [2022-04-22T07:22:46.862Z] <<< HTTP RESPONSE 200 {"content-type":"application/json; charset=UTF-8","vary":"X-Origin, Referer, Origin,Accept-Encoding","date":"Fri, 22 Apr 2022 07:22:47 GMT","server":"ESF","cache-control":"private","x-xss-protection":"0","x-frame-options":"SAMEORIGIN","x-content-type-options":"nosniff","alt-svc":"h3=\":443\"; ma=2592000,h3-29=\":443\"; ma=2592000,h3-Q050=\":443\"; ma=2592000,h3-Q046=\":443\"; ma=2592000,h3-Q043=\":443\"; ma=2592000,quic=\":443\"; ma=2592000; v=\"46,43\"","accept-ranges":"none","transfer-encoding":"chunked"}
[debug] [2022-04-22T07:22:46.862Z] database_type: CLOUD_FIRESTORE
[debug] [2022-04-22T07:22:46.863Z] > command requires scopes: ["email","openid","https://www.googleapis.com/auth/cloudplatformprojects.readonly","https://www.googleapis.com/auth/firebase","https://www.googleapis.com/auth/cloud-platform"]
[debug] [2022-04-22T07:22:46.863Z] > authorizing via signed-in user (felipe.123.bastos@gmail.com)
[debug] [2022-04-22T07:22:46.863Z] [iam] checking project test-bd2c8 for permissions ["firebase.projects.get"]
[debug] [2022-04-22T07:22:46.863Z] > refreshing access token with scopes: []
[debug] [2022-04-22T07:22:46.863Z] >>> HTTP REQUEST POST https://www.googleapis.com/oauth2/v3/token  
 <request body omitted>
[debug] [2022-04-22T07:22:47.078Z] <<< HTTP RESPONSE 200 {"expires":"Mon, 01 Jan 1990 00:00:00 GMT","date":"Fri, 22 Apr 2022 07:22:47 GMT","pragma":"no-cache","cache-control":"no-cache, no-store, max-age=0, must-revalidate","content-type":"application/json; charset=utf-8","vary":"X-Origin, Referer, Origin,Accept-Encoding","server":"scaffolding on HTTPServer2","x-xss-protection":"0","x-frame-options":"SAMEORIGIN","x-content-type-options":"nosniff","alt-svc":"h3=\":443\"; ma=2592000,h3-29=\":443\"; ma=2592000,h3-Q050=\":443\"; ma=2592000,h3-Q046=\":443\"; ma=2592000,h3-Q043=\":443\"; ma=2592000,quic=\":443\"; ma=2592000; v=\"46,43\"","accept-ranges":"none","transfer-encoding":"chunked"}
[debug] [2022-04-22T07:22:47.102Z] >>> [apiv2][query] POST https://cloudresourcemanager.googleapis.com/v1/projects/test-bd2c8:testIamPermissions [none]
[debug] [2022-04-22T07:22:47.102Z] >>> [apiv2][body] POST https://cloudresourcemanager.googleapis.com/v1/projects/test-bd2c8:testIamPermissions {"permissions":["firebase.projects.get"]}
[debug] [2022-04-22T07:22:48.324Z] <<< [apiv2][status] POST https://cloudresourcemanager.googleapis.com/v1/projects/test-bd2c8:testIamPermissions 200
[debug] [2022-04-22T07:22:48.325Z] <<< [apiv2][body] POST https://cloudresourcemanager.googleapis.com/v1/projects/test-bd2c8:testIamPermissions {"permissions":["firebase.projects.get"]}
[info] 
[info] Firestore Security Rules allow you to define how and when to allow
[info] requests. You can keep these rules in your project directory
[info] and publish them with firebase deploy.
[info] 
[debug] [2022-04-22T07:23:14.604Z] >>> [apiv2][query] GET https://firebaserules.googleapis.com/v1/projects/test-bd2c8/releases pageSize=10&pageToken=
[debug] [2022-04-22T07:23:15.739Z] <<< [apiv2][status] GET https://firebaserules.googleapis.com/v1/projects/test-bd2c8/releases 200
[debug] [2022-04-22T07:23:15.740Z] <<< [apiv2][body] GET https://firebaserules.googleapis.com/v1/projects/test-bd2c8/releases {"releases":[{"name":"projects/test-bd2c8/releases/cloud.firestore","rulesetName":"projects/test-bd2c8/rulesets/ad0694e1-315b-4dc3-8539-a2b882d37ae5","createTime":"2022-04-22T07:20:45.663833Z","updateTime":"2022-04-22T07:20:45.663833Z"}]}
[debug] [2022-04-22T07:23:15.740Z] Found ruleset: projects/test-bd2c8/rulesets/ad0694e1-315b-4dc3-8539-a2b882d37ae5
[debug] [2022-04-22T07:23:15.741Z] >>> [apiv2][query] GET https://firebaserules.googleapis.com/v1/projects/test-bd2c8/rulesets/ad0694e1-315b-4dc3-8539-a2b882d37ae5 [none]
[debug] [2022-04-22T07:23:16.699Z] <<< [apiv2][status] GET https://firebaserules.googleapis.com/v1/projects/test-bd2c8/rulesets/ad0694e1-315b-4dc3-8539-a2b882d37ae5 200
[debug] [2022-04-22T07:23:16.699Z] <<< [apiv2][body] GET https://firebaserules.googleapis.com/v1/projects/test-bd2c8/rulesets/ad0694e1-315b-4dc3-8539-a2b882d37ae5 [omitted]
[info] 
[info] Firestore indexes allow you to perform complex queries while
[info] maintaining performance that scales with the size of the result
[info] set. You can keep index definitions in your project directory
[info] and publish them with firebase deploy.
[info] 
[debug] [2022-04-22T07:23:21.846Z] > refreshing access token with scopes: ["email","https://www.googleapis.com/auth/cloud-platform","https://www.googleapis.com/auth/cloudplatformprojects.readonly","https://www.googleapis.com/auth/firebase","openid"]
[debug] [2022-04-22T07:23:21.846Z] >>> HTTP REQUEST POST https://www.googleapis.com/oauth2/v3/token  
 <request body omitted>
[debug] [2022-04-22T07:23:21.847Z] > refreshing access token with scopes: ["email","https://www.googleapis.com/auth/cloud-platform","https://www.googleapis.com/auth/cloudplatformprojects.readonly","https://www.googleapis.com/auth/firebase","openid"]
[debug] [2022-04-22T07:23:21.847Z] >>> HTTP REQUEST POST https://www.googleapis.com/oauth2/v3/token  
 <request body omitted>
[debug] [2022-04-22T07:23:22.061Z] <<< HTTP RESPONSE 200 {"cache-control":"no-cache, no-store, max-age=0, must-revalidate","expires":"Mon, 01 Jan 1990 00:00:00 GMT","date":"Fri, 22 Apr 2022 07:23:22 GMT","pragma":"no-cache","content-type":"application/json; charset=utf-8","vary":"X-Origin, Referer, Origin,Accept-Encoding","server":"scaffolding on HTTPServer2","x-xss-protection":"0","x-frame-options":"SAMEORIGIN","x-content-type-options":"nosniff","alt-svc":"h3=\":443\"; ma=2592000,h3-29=\":443\"; ma=2592000,h3-Q050=\":443\"; ma=2592000,h3-Q046=\":443\"; ma=2592000,h3-Q043=\":443\"; ma=2592000,quic=\":443\"; ma=2592000; v=\"46,43\"","accept-ranges":"none","transfer-encoding":"chunked"}
[debug] [2022-04-22T07:23:22.070Z] >>> HTTP REQUEST GET https://firestore.googleapis.com/v1/projects/test-bd2c8/databases/(default)/collectionGroups/-/fields?filter=indexConfig.usesAncestorConfig=false  
 
[debug] [2022-04-22T07:23:22.072Z] <<< HTTP RESPONSE 200 {"cache-control":"no-cache, no-store, max-age=0, must-revalidate","expires":"Mon, 01 Jan 1990 00:00:00 GMT","pragma":"no-cache","date":"Fri, 22 Apr 2022 07:23:22 GMT","content-type":"application/json; charset=utf-8","vary":"X-Origin, Referer, Origin,Accept-Encoding","server":"scaffolding on HTTPServer2","x-xss-protection":"0","x-frame-options":"SAMEORIGIN","x-content-type-options":"nosniff","alt-svc":"h3=\":443\"; ma=2592000,h3-29=\":443\"; ma=2592000,h3-Q050=\":443\"; ma=2592000,h3-Q046=\":443\"; ma=2592000,h3-Q043=\":443\"; ma=2592000,quic=\":443\"; ma=2592000; v=\"46,43\"","accept-ranges":"none","transfer-encoding":"chunked"}
[debug] [2022-04-22T07:23:22.079Z] >>> HTTP REQUEST GET https://firestore.googleapis.com/v1/projects/test-bd2c8/databases/(default)/collectionGroups/-/indexes  
 
[debug] [2022-04-22T07:23:22.379Z] <<< HTTP RESPONSE 200 {"content-type":"application/json; charset=UTF-8","vary":"X-Origin, Referer, Origin,Accept-Encoding","date":"Fri, 22 Apr 2022 07:23:22 GMT","server":"ESF","cache-control":"private","x-xss-protection":"0","x-frame-options":"SAMEORIGIN","x-content-type-options":"nosniff","alt-svc":"h3=\":443\"; ma=2592000,h3-29=\":443\"; ma=2592000,h3-Q050=\":443\"; ma=2592000,h3-Q046=\":443\"; ma=2592000,h3-Q043=\":443\"; ma=2592000,quic=\":443\"; ma=2592000; v=\"46,43\"","accept-ranges":"none","transfer-encoding":"chunked"}
[debug] [2022-04-22T07:23:23.104Z] <<< HTTP RESPONSE 200 {"content-type":"application/json; charset=UTF-8","vary":"X-Origin, Referer, Origin,Accept-Encoding","date":"Fri, 22 Apr 2022 07:23:23 GMT","server":"ESF","cache-control":"private","x-xss-protection":"0","x-frame-options":"SAMEORIGIN","x-content-type-options":"nosniff","alt-svc":"h3=\":443\"; ma=2592000,h3-29=\":443\"; ma=2592000,h3-Q050=\":443\"; ma=2592000,h3-Q046=\":443\"; ma=2592000,h3-Q043=\":443\"; ma=2592000,quic=\":443\"; ma=2592000; v=\"46,43\"","accept-ranges":"none","transfer-encoding":"chunked"}
[info] 
=== Functions Setup
[info] 
[info] A functions directory will be created in your project with sample code
[info] pre-configured. Functions can be deployed with firebase deploy.
[info] 
[debug] [2022-04-22T07:23:23.112Z] > command requires scopes: ["email","openid","https://www.googleapis.com/auth/cloudplatformprojects.readonly","https://www.googleapis.com/auth/firebase","https://www.googleapis.com/auth/cloud-platform"]
[debug] [2022-04-22T07:23:23.112Z] > authorizing via signed-in user (felipe.123.bastos@gmail.com)
[debug] [2022-04-22T07:23:23.112Z] [iam] checking project test-bd2c8 for permissions ["firebase.projects.get"]
[debug] [2022-04-22T07:23:23.113Z] > refreshing access token with scopes: []
[debug] [2022-04-22T07:23:23.113Z] >>> HTTP REQUEST POST https://www.googleapis.com/oauth2/v3/token  
 <request body omitted>
[debug] [2022-04-22T07:23:23.328Z] <<< HTTP RESPONSE 200 {"date":"Fri, 22 Apr 2022 07:23:23 GMT","cache-control":"no-cache, no-store, max-age=0, must-revalidate","expires":"Mon, 01 Jan 1990 00:00:00 GMT","pragma":"no-cache","content-type":"application/json; charset=utf-8","vary":"X-Origin, Referer, Origin,Accept-Encoding","server":"scaffolding on HTTPServer2","x-xss-protection":"0","x-frame-options":"SAMEORIGIN","x-content-type-options":"nosniff","alt-svc":"h3=\":443\"; ma=2592000,h3-29=\":443\"; ma=2592000,h3-Q050=\":443\"; ma=2592000,h3-Q046=\":443\"; ma=2592000,h3-Q043=\":443\"; ma=2592000,quic=\":443\"; ma=2592000; v=\"46,43\"","accept-ranges":"none","transfer-encoding":"chunked"}
[debug] [2022-04-22T07:23:23.339Z] >>> [apiv2][query] POST https://cloudresourcemanager.googleapis.com/v1/projects/test-bd2c8:testIamPermissions [none]
[debug] [2022-04-22T07:23:23.339Z] >>> [apiv2][body] POST https://cloudresourcemanager.googleapis.com/v1/projects/test-bd2c8:testIamPermissions {"permissions":["firebase.projects.get"]}
[debug] [2022-04-22T07:23:24.220Z] <<< [apiv2][status] POST https://cloudresourcemanager.googleapis.com/v1/projects/test-bd2c8:testIamPermissions 200
[debug] [2022-04-22T07:23:24.220Z] <<< [apiv2][body] POST https://cloudresourcemanager.googleapis.com/v1/projects/test-bd2c8:testIamPermissions {"permissions":["firebase.projects.get"]}
[debug] [2022-04-22T07:23:24.220Z] >>> [apiv2][query] GET https://serviceusage.googleapis.com/v1/projects/test-bd2c8/services/cloudfunctions.googleapis.com [none]
[debug] [2022-04-22T07:23:24.221Z] >>> [apiv2][query] GET https://serviceusage.googleapis.com/v1/projects/test-bd2c8/services/runtimeconfig.googleapis.com [none]
[debug] [2022-04-22T07:23:25.262Z] <<< [apiv2][status] GET https://serviceusage.googleapis.com/v1/projects/test-bd2c8/services/cloudfunctions.googleapis.com 200
[debug] [2022-04-22T07:23:25.262Z] <<< [apiv2][body] GET https://serviceusage.googleapis.com/v1/projects/test-bd2c8/services/cloudfunctions.googleapis.com [omitted]
[debug] [2022-04-22T07:23:25.263Z] >>> [apiv2][query] POST https://serviceusage.googleapis.com/v1/projects/test-bd2c8/services/cloudfunctions.googleapis.com:enable [none]
[debug] [2022-04-22T07:23:25.279Z] <<< [apiv2][status] GET https://serviceusage.googleapis.com/v1/projects/test-bd2c8/services/runtimeconfig.googleapis.com 200
[debug] [2022-04-22T07:23:25.279Z] <<< [apiv2][body] GET https://serviceusage.googleapis.com/v1/projects/test-bd2c8/services/runtimeconfig.googleapis.com [omitted]
[debug] [2022-04-22T07:23:26.850Z] <<< [apiv2][status] POST https://serviceusage.googleapis.com/v1/projects/test-bd2c8/services/cloudfunctions.googleapis.com:enable 200
[debug] [2022-04-22T07:23:26.850Z] <<< [apiv2][body] POST https://serviceusage.googleapis.com/v1/projects/test-bd2c8/services/cloudfunctions.googleapis.com:enable [omitted]
[debug] [2022-04-22T07:23:36.881Z] >>> [apiv2][query] GET https://serviceusage.googleapis.com/v1/projects/test-bd2c8/services/cloudfunctions.googleapis.com [none]
[debug] [2022-04-22T07:23:37.909Z] <<< [apiv2][status] GET https://serviceusage.googleapis.com/v1/projects/test-bd2c8/services/cloudfunctions.googleapis.com 200
[debug] [2022-04-22T07:23:37.909Z] <<< [apiv2][body] GET https://serviceusage.googleapis.com/v1/projects/test-bd2c8/services/cloudfunctions.googleapis.com [omitted]
[info] +  Wrote functions/package.json 
[info] +  Wrote functions/.eslintrc.js 
[info] +  Wrote functions/index.js 
[info] +  Wrote functions/.gitignore 
[info] 
=== Hosting Setup
[info] 
[info] Your public directory is the folder (relative to your project directory) that
[info] will contain Hosting assets to be uploaded with firebase deploy. If you
[info] have a build process for your assets, use your build's output directory.
[info] 
[info] +  Wrote public/404.html 
[debug] [2022-04-22T07:25:43.949Z] >>> [apiv2][query] GET https://www.gstatic.com/firebasejs/releases.json [none]
[debug] [2022-04-22T07:25:44.709Z] <<< [apiv2][status] GET https://www.gstatic.com/firebasejs/releases.json 200
[debug] [2022-04-22T07:25:44.709Z] <<< [apiv2][body] GET https://www.gstatic.com/firebasejs/releases.json {"current":{"version":"9.6.11","browserURL":"https://www.gstatic.com/firebasejs/9.6.11/firebase.js","packageURL":"https://www.gstatic.com/firebasejs/9.6.11/firebase.tgz"},"live":{"version":"9.6","browserURL":"https://www.gstatic.com/firebasejs/live/9.6/firebase.js","packageURL":"https://www.gstatic.com/firebasejs/live/9.6/firebase.tgz"},"components":{"analytics":"https://www.gstatic.com/firebasejs/9.6.11/firebase-analytics.js","app":"https://www.gstatic.com/firebasejs/9.6.11/firebase-app.js","app-check":"https://www.gstatic.com/firebasejs/9.6.11/firebase-app-check.js","auth":"https://www.gstatic.com/firebasejs/9.6.11/firebase-auth.js","auth/cordova":"https://www.gstatic.com/firebasejs/9.6.11/firebase-auth/cordova.js","auth/react-native":"https://www.gstatic.com/firebasejs/9.6.11/firebase-auth/react-native.js","functions":"https://www.gstatic.com/firebasejs/9.6.11/firebase-functions.js","firestore":"https://www.gstatic.com/firebasejs/9.6.11/firebase-firestore.js","firestore/lite":"https://www.gstatic.com/firebasejs/9.6.11/firebase-firestore/lite.js","storage":"https://www.gstatic.com/firebasejs/9.6.11/firebase-storage.js","performance":"https://www.gstatic.com/firebasejs/9.6.11/firebase-performance.js","remote-config":"https://www.gstatic.com/firebasejs/9.6.11/firebase-remote-config.js","messaging":"https://www.gstatic.com/firebasejs/9.6.11/firebase-messaging.js","messaging/sw":"https://www.gstatic.com/firebasejs/9.6.11/firebase-messaging/sw.js","database":"https://www.gstatic.com/firebasejs/9.6.11/firebase-database.js","firestore.memory":"https://www.gstatic.com/firebasejs/9.6.11/firebase-firestore.memory.js"}}
[info] +  Wrote public/index.html 
[info] 
[info] i  Didn't detect a .git folder. Assuming C:\Users\felip\Documents\Git\have-you-watered-your-plants is the project root. 
[info] i  Authorizing with GitHub to upload your service account to a GitHub repository's secrets store. 
[info] 
[info] Visit this URL on this device to log in:
[info] https://github.com/login/oauth/authorize?client_id=89cf50f02ac6aaed3484&state=878904723&redirect_uri=http%3A%2F%2Flocalhost%3A9005&scope=read%3Auser%20repo%20public_repo
[info] 
[info] Waiting for authentication...
[debug] [2022-04-22T07:26:06.619Z] >>> HTTP REQUEST POST https://github.com/login/oauth/access_token  
 {"client_id":"89cf50f02ac6aaed3484","client_secret":"3330d14abc895d9a74d5f17cd7a00711fa2c5bf0","code":"b360719e1255fd0bcd17","redirect_uri":"http://localhost:9005","state":"878904723"}
[debug] [2022-04-22T07:26:06.993Z] <<< HTTP RESPONSE 200 {"server":"GitHub.com","date":"Fri, 22 Apr 2022 07:26:07 GMT","content-type":"application/json; charset=utf-8","transfer-encoding":"chunked","vary":"X-PJAX, X-PJAX-Container, Accept-Encoding, Accept, X-Requested-With","permissions-policy":"interest-cohort=()","etag":"W/\"75e1d3cbbb313f2f97843550b68f44bd\"","cache-control":"max-age=0, private, must-revalidate","strict-transport-security":"max-age=31536000; includeSubdomains; preload","x-frame-options":"deny","x-content-type-options":"nosniff","x-xss-protection":"0","referrer-policy":"origin-when-cross-origin, strict-origin-when-cross-origin","expect-ct":"max-age=2592000, report-uri=\"https://api.github.com/_private/browser/errors\"","content-security-policy":"default-src 'none'; base-uri 'self'; block-all-mixed-content; child-src github.com/assets-cdn/worker/ gist.github.com/assets-cdn/worker/; connect-src 'self' uploads.github.com objects-origin.githubusercontent.com www.githubstatus.com collector.github.com raw.githubusercontent.com api.github.com github-cloud.s3.amazonaws.com github-production-repository-file-5c1aeb.s3.amazonaws.com github-production-upload-manifest-file-7fdce7.s3.amazonaws.com github-production-user-asset-6210df.s3.amazonaws.com cdn.optimizely.com logx.optimizely.com/v1/events translator.github.com *.actions.githubusercontent.com wss://*.actions.githubusercontent.com online.visualstudio.com/api/v1/locations github-production-repository-image-32fea6.s3.amazonaws.com github-production-release-asset-2e65be.s3.amazonaws.com insights.github.com wss://alive.github.com; font-src github.githubassets.com; form-action 'self' github.com gist.github.com objects-origin.githubusercontent.com; frame-ancestors 'none'; frame-src render.githubusercontent.com viewscreen.githubusercontent.com notebooks.githubusercontent.com; img-src 'self' data: github.githubassets.com identicons.github.com github-cloud.s3.amazonaws.com secured-user-images.githubusercontent.com/ *.githubusercontent.com; manifest-src 'self'; media-src github.com user-images.githubusercontent.com/; script-src github.githubassets.com; style-src 'unsafe-inline' github.githubassets.com; worker-src github.com/assets-cdn/worker/ gist.github.com/assets-cdn/worker/","x-github-request-id":"A688:5EA0:6C4671:84840D:6262588F"}
[debug] [2022-04-22T07:26:06.999Z] >>> [apiv2][query] GET https://api.github.com/user [none]
[debug] [2022-04-22T07:26:07.377Z] <<< [apiv2][status] GET https://api.github.com/user 200
[debug] [2022-04-22T07:26:07.377Z] <<< [apiv2][body] GET https://api.github.com/user {"login":"FelipeHJBastos","id":58047603,"node_id":"MDQ6VXNlcjU4MDQ3NjAz","avatar_url":"https://avatars.githubusercontent.com/u/58047603?v=4","gravatar_id":"","url":"https://api.github.com/users/FelipeHJBastos","html_url":"https://github.com/FelipeHJBastos","followers_url":"https://api.github.com/users/FelipeHJBastos/followers","following_url":"https://api.github.com/users/FelipeHJBastos/following{/other_user}","gists_url":"https://api.github.com/users/FelipeHJBastos/gists{/gist_id}","starred_url":"https://api.github.com/users/FelipeHJBastos/starred{/owner}{/repo}","subscriptions_url":"https://api.github.com/users/FelipeHJBastos/subscriptions","organizations_url":"https://api.github.com/users/FelipeHJBastos/orgs","repos_url":"https://api.github.com/users/FelipeHJBastos/repos","events_url":"https://api.github.com/users/FelipeHJBastos/events{/privacy}","received_events_url":"https://api.github.com/users/FelipeHJBastos/received_events","type":"User","site_admin":false,"name":"Felipe Hariel Jost Bastos","company":null,"blog":"","location":"Três de Maio, RS","email":null,"hireable":null,"bio":null,"twitter_username":null,"public_repos":8,"public_gists":0,"followers":1,"following":2,"created_at":"2019-11-21T18:37:27Z","updated_at":"2022-04-22T07:25:53Z","private_gists":0,"total_private_repos":0,"owned_private_repos":0,"disk_usage":40023,"collaborators":0,"two_factor_authentication":false,"plan":{"name":"free","space":976562499,"collaborators":0,"private_repos":10000}}
[info] 
[info] +  Success! Logged into GitHub as FelipeHJBastos 
[info] 
